<?xml version="1.0" encoding="UTF-8"?>
<!-- Generated by org.testng.reporters.JUnitReportReporter -->
<testsuite hostname="Ruchit" failures="0" tests="1" name="Page_Validation.HomeNav_Testing" time="18.845" errors="0" timestamp="2024-12-18T00:03:26 IST" skipped="0">
  <testcase classname="Page_Validation.HomeNav_Testing" name="NavValidation" time="18.845"/>
</testsuite> <!-- Page_Validation.HomeNav_Testing -->
